# JRE version: OpenJDK Runtime Environment (11.0.15) (build 11.0.15+0-b2043.56-9505619)
# Java VM: OpenJDK 64-Bit Server VM (11.0.15+0-b2043.56-9505619, mixed mode, tiered, compressed oops, g1 gc, windows-amd64)
Heap:
 garbage-first heap   total 260096K, used 182350K [0x0000000080000000, 0x0000000100000000)
  region size 1024K, 10 young (10240K), 1 survivors (1024K)
 Metaspace       used 100786K, capacity 103500K, committed 103632K, reserved 1138688K
  class space    used 13101K, capacity 14160K, committed 14208K, reserved 1048576K
GC Heap History (20 events):
Event: 15.705 GC heap before
{Heap before GC invocations=13 (full 0):
 garbage-first heap   total 260096K, used 162278K [0x0000000080000000, 0x0000000100000000)
  region size 1024K, 47 young (48128K), 12 survivors (12288K)
 Metaspace       used 83325K, capacity 85424K, committed 85712K, reserved 1124352K
  class space    used 10741K, capacity 11579K, committed 11648K, reserved 1048576K
}
Event: 15.713 GC heap after
{Heap after GC invocations=14 (full 0):
 garbage-first heap   total 260096K, used 133607K [0x0000000080000000, 0x0000000100000000)
  region size 1024K, 12 young (12288K), 12 survivors (12288K)
 Metaspace       used 83325K, capacity 85424K, committed 85712K, reserved 1124352K
  class space    used 10741K, capacity 11579K, committed 11648K, reserved 1048576K
}
Event: 15.766 GC heap before
{Heap before GC invocations=15 (full 0):
 garbage-first heap   total 260096K, used 136679K [0x0000000080000000, 0x0000000100000000)
  region size 1024K, 13 young (13312K), 12 survivors (12288K)
 Metaspace       used 83311K, capacity 85400K, committed 85712K, reserved 1124352K
  class space    used 10736K, capacity 11571K, committed 11648K, reserved 1048576K
}
Event: 15.770 GC heap after
{Heap after GC invocations=16 (full 0):
 garbage-first heap   total 260096K, used 137345K [0x0000000080000000, 0x0000000100000000)
  region size 1024K, 6 young (6144K), 6 survivors (6144K)
 Metaspace       used 83311K, capacity 85400K, committed 85712K, reserved 1124352K
  class space    used 10736K, capacity 11571K, committed 11648K, reserved 1048576K
}
Event: 15.807 GC heap before
{Heap before GC invocations=17 (full 0):
 garbage-first heap   total 260096K, used 154753K [0x0000000080000000, 0x0000000100000000)
  region size 1024K, 8 young (8192K), 6 survivors (6144K)
 Metaspace       used 83311K, capacity 85400K, committed 85712K, reserved 1124352K
  class space    used 10736K, capacity 11571K, committed 11648K, reserved 1048576K
}
Event: 15.809 GC heap after
{Heap after GC invocations=18 (full 0):
 garbage-first heap   total 260096K, used 156117K [0x0000000080000000, 0x0000000100000000)
  region size 1024K, 8 young (8192K), 8 survivors (8192K)
 Metaspace       used 83311K, capacity 85400K, committed 85712K, reserved 1124352K
  class space    used 10736K, capacity 11571K, committed 11648K, reserved 1048576K
}
Event: 16.448 GC heap before
{Heap before GC invocations=19 (full 0):
 garbage-first heap   total 260096K, used 203221K [0x0000000080000000, 0x0000000100000000)
  region size 1024K, 49 young (50176K), 8 survivors (8192K)
 Metaspace       used 85592K, capacity 88066K, committed 88144K, reserved 1126400K
  class space    used 11068K, capacity 11976K, committed 12032K, reserved 1048576K
}
Event: 16.452 GC heap after
{Heap after GC invocations=20 (full 0):
 garbage-first heap   total 260096K, used 165206K [0x0000000080000000, 0x0000000100000000)
  region size 1024K, 7 young (7168K), 7 survivors (7168K)
 Metaspace       used 85592K, capacity 88066K, committed 88144K, reserved 1126400K
  class space    used 11068K, capacity 11976K, committed 12032K, reserved 1048576K
}
Event: 16.494 GC heap before
{Heap before GC invocations=20 (full 0):
 garbage-first heap   total 260096K, used 204118K [0x0000000080000000, 0x0000000100000000)
  region size 1024K, 46 young (47104K), 7 survivors (7168K)
 Metaspace       used 86671K, capacity 89051K, committed 89296K, reserved 1126400K
  class space    used 11217K, capacity 12133K, committed 12160K, reserved 1048576K
}
Event: 16.496 GC heap after
{Heap after GC invocations=21 (full 0):
 garbage-first heap   total 260096K, used 165488K [0x0000000080000000, 0x0000000100000000)
  region size 1024K, 1 young (1024K), 1 survivors (1024K)
 Metaspace       used 86671K, capacity 89051K, committed 89296K, reserved 1126400K
  class space    used 11217K, capacity 12133K, committed 12160K, reserved 1048576K
}
Event: 16.697 GC heap before
{Heap before GC invocations=22 (full 0):
 garbage-first heap   total 260096K, used 209520K [0x0000000080000000, 0x0000000100000000)
  region size 1024K, 44 young (45056K), 1 survivors (1024K)
 Metaspace       used 88853K, capacity 91362K, committed 91472K, reserved 1128448K
  class space    used 11548K, capacity 12506K, committed 12544K, reserved 1048576K
}
Event: 16.700 GC heap after
{Heap after GC invocations=23 (full 0):
 garbage-first heap   total 260096K, used 167164K [0x0000000080000000, 0x0000000100000000)
  region size 1024K, 3 young (3072K), 3 survivors (3072K)
 Metaspace       used 88853K, capacity 91362K, committed 91472K, reserved 1128448K
  class space    used 11548K, capacity 12506K, committed 12544K, reserved 1048576K
}
Event: 17.031 GC heap before
{Heap before GC invocations=23 (full 0):
 garbage-first heap   total 260096K, used 212220K [0x0000000080000000, 0x0000000100000000)
  region size 1024K, 47 young (48128K), 3 survivors (3072K)
 Metaspace       used 91933K, capacity 94643K, committed 94800K, reserved 1130496K
  class space    used 11984K, capacity 13027K, committed 13056K, reserved 1048576K
}
Event: 17.033 GC heap after
{Heap after GC invocations=24 (full 0):
 garbage-first heap   total 260096K, used 169701K [0x0000000080000000, 0x0000000100000000)
  region size 1024K, 5 young (5120K), 5 survivors (5120K)
 Metaspace       used 91933K, capacity 94643K, committed 94800K, reserved 1130496K
  class space    used 11984K, capacity 13027K, committed 13056K, reserved 1048576K
}
Event: 17.326 GC heap before
{Heap before GC invocations=25 (full 0):
 garbage-first heap   total 260096K, used 214757K [0x0000000080000000, 0x0000000100000000)
  region size 1024K, 49 young (50176K), 5 survivors (5120K)
 Metaspace       used 94679K, capacity 97309K, committed 97488K, reserved 1134592K
  class space    used 12337K, capacity 13393K, committed 13440K, reserved 1048576K
}
Event: 17.329 GC heap after
{Heap after GC invocations=26 (full 0):
 garbage-first heap   total 260096K, used 173297K [0x0000000080000000, 0x0000000100000000)
  region size 1024K, 7 young (7168K), 7 survivors (7168K)
 Metaspace       used 94679K, capacity 97309K, committed 97488K, reserved 1134592K
  class space    used 12337K, capacity 13393K, committed 13440K, reserved 1048576K
}
Event: 17.380 GC heap before
{Heap before GC invocations=26 (full 0):
 garbage-first heap   total 260096K, used 199921K [0x0000000080000000, 0x0000000100000000)
  region size 1024K, 35 young (35840K), 7 survivors (7168K)
 Metaspace       used 95861K, capacity 98522K, committed 98640K, reserved 1134592K
  class space    used 12470K, capacity 13496K, committed 13568K, reserved 1048576K
}
Event: 17.383 GC heap after
{Heap after GC invocations=27 (full 0):
 garbage-first heap   total 260096K, used 174799K [0x0000000080000000, 0x0000000100000000)
  region size 1024K, 2 young (2048K), 2 survivors (2048K)
 Metaspace       used 95861K, capacity 98522K, committed 98640K, reserved 1134592K
  class space    used 12470K, capacity 13496K, committed 13568K, reserved 1048576K
}
Event: 17.571 GC heap before
{Heap before GC invocations=28 (full 0):
 garbage-first heap   total 260096K, used 219855K [0x0000000080000000, 0x0000000100000000)
  region size 1024K, 45 young (46080K), 2 survivors (2048K)
 Metaspace       used 100000K, capacity 102712K, committed 102992K, reserved 1138688K
  class space    used 12991K, capacity 14015K, committed 14080K, reserved 1048576K
}
Event: 17.572 GC heap after
{Heap after GC invocations=29 (full 0):
 garbage-first heap   total 260096K, used 174158K [0x0000000080000000, 0x0000000100000000)
  region size 1024K, 1 young (1024K), 1 survivors (1024K)
 Metaspace       used 100000K, capacity 102712K, committed 102992K, reserved 1138688K
  class space    used 12991K, capacity 14015K, committed 14080K, reserved 1048576K
}

