# JRE version: OpenJDK Runtime Environment (11.0.15) (build 11.0.15+0-b2043.56-9505619)
# Java VM: OpenJDK 64-Bit Server VM (11.0.15+0-b2043.56-9505619, mixed mode, tiered, compressed oops, g1 gc, windows-amd64)
Heap:
 garbage-first heap   total 260096K, used 190088K [0x0000000080000000, 0x0000000100000000)
  region size 1024K, 61 young (62464K), 3 survivors (3072K)
 Metaspace       used 127988K, capacity 132032K, committed 132220K, reserved 1163264K
  class space    used 16335K, capacity 17902K, committed 18020K, reserved 1048576K
GC Heap History (20 events):
Event: 261.001 GC heap before
{Heap before GC invocations=23 (full 0):
 garbage-first heap   total 260096K, used 208345K [0x0000000080000000, 0x0000000100000000)
  region size 1024K, 95 young (97280K), 9 survivors (9216K)
 Metaspace       used 105798K, capacity 108861K, committed 109308K, reserved 1144832K
  class space    used 13231K, capacity 14377K, committed 14564K, reserved 1048576K
}
Event: 261.008 GC heap after
{Heap after GC invocations=24 (full 0):
 garbage-first heap   total 260096K, used 135757K [0x0000000080000000, 0x0000000100000000)
  region size 1024K, 12 young (12288K), 12 survivors (12288K)
 Metaspace       used 105798K, capacity 108861K, committed 109308K, reserved 1144832K
  class space    used 13231K, capacity 14377K, committed 14564K, reserved 1048576K
}
Event: 261.034 GC heap before
{Heap before GC invocations=24 (full 0):
 garbage-first heap   total 260096K, used 145997K [0x0000000080000000, 0x0000000100000000)
  region size 1024K, 24 young (24576K), 12 survivors (12288K)
 Metaspace       used 105824K, capacity 109001K, committed 109308K, reserved 1144832K
  class space    used 13232K, capacity 14379K, committed 14564K, reserved 1048576K
}
Event: 261.052 GC heap after
{Heap after GC invocations=25 (full 0):
 garbage-first heap   total 260096K, used 146035K [0x0000000080000000, 0x0000000100000000)
  region size 1024K, 10 young (10240K), 10 survivors (10240K)
 Metaspace       used 105824K, capacity 109001K, committed 109308K, reserved 1144832K
  class space    used 13232K, capacity 14379K, committed 14564K, reserved 1048576K
}
Event: 261.955 GC heap before
{Heap before GC invocations=26 (full 0):
 garbage-first heap   total 260096K, used 199283K [0x0000000080000000, 0x0000000100000000)
  region size 1024K, 47 young (48128K), 10 survivors (10240K)
 Metaspace       used 106082K, capacity 109269K, committed 109564K, reserved 1144832K
  class space    used 13252K, capacity 14416K, committed 14564K, reserved 1048576K
}
Event: 261.959 GC heap after
{Heap after GC invocations=27 (full 0):
 garbage-first heap   total 260096K, used 143937K [0x0000000080000000, 0x0000000100000000)
  region size 1024K, 6 young (6144K), 6 survivors (6144K)
 Metaspace       used 106082K, capacity 109269K, committed 109564K, reserved 1144832K
  class space    used 13252K, capacity 14416K, committed 14564K, reserved 1048576K
}
Event: 261.968 GC heap before
{Heap before GC invocations=27 (full 0):
 garbage-first heap   total 260096K, used 150081K [0x0000000080000000, 0x0000000100000000)
  region size 1024K, 12 young (12288K), 6 survivors (6144K)
 Metaspace       used 106083K, capacity 109269K, committed 109564K, reserved 1144832K
  class space    used 13252K, capacity 14416K, committed 14564K, reserved 1048576K
}
Event: 261.973 GC heap after
{Heap after GC invocations=28 (full 0):
 garbage-first heap   total 260096K, used 134539K [0x0000000080000000, 0x0000000100000000)
  region size 1024K, 2 young (2048K), 2 survivors (2048K)
 Metaspace       used 106083K, capacity 109269K, committed 109564K, reserved 1144832K
  class space    used 13252K, capacity 14416K, committed 14564K, reserved 1048576K
}
Event: 262.092 GC heap before
{Heap before GC invocations=28 (full 0):
 garbage-first heap   total 260096K, used 174475K [0x0000000080000000, 0x0000000100000000)
  region size 1024K, 43 young (44032K), 2 survivors (2048K)
 Metaspace       used 106199K, capacity 109400K, committed 109564K, reserved 1144832K
  class space    used 13262K, capacity 14435K, committed 14564K, reserved 1048576K
}
Event: 262.095 GC heap after
{Heap after GC invocations=29 (full 0):
 garbage-first heap   total 260096K, used 137233K [0x0000000080000000, 0x0000000100000000)
  region size 1024K, 5 young (5120K), 5 survivors (5120K)
 Metaspace       used 106199K, capacity 109400K, committed 109564K, reserved 1144832K
  class space    used 13262K, capacity 14435K, committed 14564K, reserved 1048576K
}
Event: 2410.783 GC heap before
{Heap before GC invocations=30 (full 0):
 garbage-first heap   total 260096K, used 199697K [0x0000000080000000, 0x0000000100000000)
  region size 1024K, 52 young (53248K), 5 survivors (5120K)
 Metaspace       used 106442K, capacity 109603K, committed 109820K, reserved 1144832K
  class space    used 13263K, capacity 14437K, committed 14564K, reserved 1048576K
}
Event: 2410.788 GC heap after
{Heap after GC invocations=31 (full 0):
 garbage-first heap   total 260096K, used 119918K [0x0000000080000000, 0x0000000100000000)
  region size 1024K, 2 young (2048K), 2 survivors (2048K)
 Metaspace       used 106442K, capacity 109603K, committed 109820K, reserved 1144832K
  class space    used 13263K, capacity 14437K, committed 14564K, reserved 1048576K
}
Event: 2652.900 GC heap before
{Heap before GC invocations=31 (full 0):
 garbage-first heap   total 260096K, used 130158K [0x0000000080000000, 0x0000000100000000)
  region size 1024K, 12 young (12288K), 2 survivors (2048K)
 Metaspace       used 106487K, capacity 109667K, committed 109820K, reserved 1144832K
  class space    used 13263K, capacity 14437K, committed 14564K, reserved 1048576K
}
Event: 2652.902 GC heap after
{Heap after GC invocations=32 (full 0):
 garbage-first heap   total 260096K, used 115369K [0x0000000080000000, 0x0000000100000000)
  region size 1024K, 2 young (2048K), 2 survivors (2048K)
 Metaspace       used 106487K, capacity 109667K, committed 109820K, reserved 1144832K
  class space    used 13263K, capacity 14437K, committed 14564K, reserved 1048576K
}
Event: 2653.213 GC heap before
{Heap before GC invocations=32 (full 0):
 garbage-first heap   total 260096K, used 177833K [0x0000000080000000, 0x0000000100000000)
  region size 1024K, 64 young (65536K), 2 survivors (2048K)
 Metaspace       used 107199K, capacity 110448K, committed 110716K, reserved 1144832K
  class space    used 13335K, capacity 14542K, committed 14692K, reserved 1048576K
}
Event: 2653.217 GC heap after
{Heap after GC invocations=33 (full 0):
 garbage-first heap   total 260096K, used 122116K [0x0000000080000000, 0x0000000100000000)
  region size 1024K, 8 young (8192K), 8 survivors (8192K)
 Metaspace       used 107199K, capacity 110448K, committed 110716K, reserved 1144832K
  class space    used 13335K, capacity 14542K, committed 14692K, reserved 1048576K
}
Event: 2654.922 GC heap before
{Heap before GC invocations=33 (full 0):
 garbage-first heap   total 260096K, used 186628K [0x0000000080000000, 0x0000000100000000)
  region size 1024K, 70 young (71680K), 8 survivors (8192K)
 Metaspace       used 113410K, capacity 116766K, committed 116860K, reserved 1150976K
  class space    used 14116K, capacity 15370K, committed 15460K, reserved 1048576K
}
Event: 2654.927 GC heap after
{Heap after GC invocations=34 (full 0):
 garbage-first heap   total 260096K, used 133107K [0x0000000080000000, 0x0000000100000000)
  region size 1024K, 9 young (9216K), 9 survivors (9216K)
 Metaspace       used 113410K, capacity 116766K, committed 116860K, reserved 1150976K
  class space    used 14116K, capacity 15370K, committed 15460K, reserved 1048576K
}
Event: 2655.449 GC heap before
{Heap before GC invocations=34 (full 0):
 garbage-first heap   total 260096K, used 192499K [0x0000000080000000, 0x0000000100000000)
  region size 1024K, 68 young (69632K), 9 survivors (9216K)
 Metaspace       used 116146K, capacity 119795K, committed 120060K, reserved 1153024K
  class space    used 14451K, capacity 15828K, committed 15844K, reserved 1048576K
}
Event: 2655.453 GC heap after
{Heap after GC invocations=35 (full 0):
 garbage-first heap   total 260096K, used 132744K [0x0000000080000000, 0x0000000100000000)
  region size 1024K, 3 young (3072K), 3 survivors (3072K)
 Metaspace       used 116146K, capacity 119795K, committed 120060K, reserved 1153024K
  class space    used 14451K, capacity 15828K, committed 15844K, reserved 1048576K
}

